<?xml version="1.0" encoding="UTF-8"?>
<testsuite xmlns:xsi="http://www.w3.org/2001/XMLSchema-instance" xsi:noNamespaceSchemaLocation="https://maven.apache.org/surefire/maven-surefire-plugin/xsd/surefire-test-report.xsd" name="test.GuesbookServiceTest" time="3.202" tests="8" errors="0" skipped="0" failures="0">
  <properties>
    <property name="sun.desktop" value="windows"/>
    <property name="awt.toolkit" value="sun.awt.windows.WToolkit"/>
    <property name="file.encoding.pkg" value="sun.io"/>
    <property name="java.specification.version" value="1.8"/>
    <property name="sun.cpu.isalist" value="amd64"/>
    <property name="sun.jnu.encoding" value="GBK"/>
    <property name="java.class.path" value="E:\常用文件映射\缓存\task3\target\test-classes;E:\常用文件映射\缓存\task3\target\classes;E:\maven\repository\com\github\pagehelper\pagehelper\5.1.7\pagehelper-5.1.7.jar;E:\maven\repository\com\github\jsqlparser\jsqlparser\1.2\jsqlparser-1.2.jar;E:\maven\repository\javax\servlet\jstl\1.2\jstl-1.2.jar;E:\maven\repository\taglibs\standard\1.1.2\standard-1.1.2.jar;E:\maven\repository\com\google\guava\guava\19.0\guava-19.0.jar;E:\maven\repository\commons-logging\commons-logging\1.1.1\commons-logging-1.1.1.jar;E:\maven\repository\org\springframework\spring-aop\4.1.6.RELEASE\spring-aop-4.1.6.RELEASE.jar;E:\maven\repository\aopalliance\aopalliance\1.0\aopalliance-1.0.jar;E:\maven\repository\org\springframework\spring-aspects\4.1.6.RELEASE\spring-aspects-4.1.6.RELEASE.jar;E:\maven\repository\org\aspectj\aspectjweaver\1.8.5\aspectjweaver-1.8.5.jar;E:\maven\repository\org\springframework\spring-beans\4.1.6.RELEASE\spring-beans-4.1.6.RELEASE.jar;E:\maven\repository\org\springframework\spring-context\4.1.6.RELEASE\spring-context-4.1.6.RELEASE.jar;E:\maven\repository\org\springframework\spring-context-support\4.1.6.RELEASE\spring-context-support-4.1.6.RELEASE.jar;E:\maven\repository\org\springframework\spring-core\4.1.6.RELEASE\spring-core-4.1.6.RELEASE.jar;E:\maven\repository\org\springframework\spring-expression\4.1.6.RELEASE\spring-expression-4.1.6.RELEASE.jar;E:\maven\repository\org\springframework\spring-instrument\4.1.6.RELEASE\spring-instrument-4.1.6.RELEASE.jar;E:\maven\repository\org\springframework\spring-jms\4.1.6.RELEASE\spring-jms-4.1.6.RELEASE.jar;E:\maven\repository\org\springframework\spring-messaging\4.1.6.RELEASE\spring-messaging-4.1.6.RELEASE.jar;E:\maven\repository\org\springframework\spring-orm\4.1.6.RELEASE\spring-orm-4.1.6.RELEASE.jar;E:\maven\repository\org\springframework\spring-oxm\4.1.6.RELEASE\spring-oxm-4.1.6.RELEASE.jar;E:\maven\repository\org\springframework\spring-test\4.1.6.RELEASE\spring-test-4.1.6.RELEASE.jar;E:\maven\repository\org\springframework\spring-tx\4.1.6.RELEASE\spring-tx-4.1.6.RELEASE.jar;E:\maven\repository\org\springframework\spring-web\4.1.6.RELEASE\spring-web-4.1.6.RELEASE.jar;E:\maven\repository\org\springframework\spring-webmvc\4.1.6.RELEASE\spring-webmvc-4.1.6.RELEASE.jar;E:\maven\repository\org\springframework\spring-webmvc-portlet\4.1.6.RELEASE\spring-webmvc-portlet-4.1.6.RELEASE.jar;E:\maven\repository\org\springframework\spring-websocket\4.1.6.RELEASE\spring-websocket-4.1.6.RELEASE.jar;E:\maven\repository\mysql\mysql-connector-java\5.1.38\mysql-connector-java-5.1.38.jar;E:\maven\repository\org\springframework\spring-jdbc\4.3.18.RELEASE\spring-jdbc-4.3.18.RELEASE.jar;E:\maven\repository\org\jboss\spec\javax\transaction\jboss-transaction-api_1.1_spec\1.0.1.Final\jboss-transaction-api_1.1_spec-1.0.1.Final.jar;E:\maven\repository\org\mybatis\mybatis\3.4.0\mybatis-3.4.0.jar;E:\maven\repository\junit\junit\4.12\junit-4.12.jar;E:\maven\repository\org\hamcrest\hamcrest-core\1.3\hamcrest-core-1.3.jar;E:\maven\repository\org\mybatis\mybatis-spring\1.3.2\mybatis-spring-1.3.2.jar;E:\maven\repository\log4j\log4j\1.2.17\log4j-1.2.17.jar;E:\maven\repository\com\alibaba\druid\1.0.9\druid-1.0.9.jar;C:\Java\jdk1.8.0_25\jre\..\lib\jconsole.jar;C:\Java\jdk1.8.0_25\jre\..\lib\tools.jar;E:\maven\repository\com\google\code\gson\gson\2.2.4\gson-2.2.4.jar;E:\maven\repository\com\alibaba\fastjson\1.2.47\fastjson-1.2.47.jar;"/>
    <property name="java.vm.vendor" value="Oracle Corporation"/>
    <property name="sun.arch.data.model" value="64"/>
    <property name="user.variant" value=""/>
    <property name="java.vendor.url" value="http://java.oracle.com/"/>
    <property name="user.timezone" value="Asia/Shanghai"/>
    <property name="java.vm.specification.version" value="1.8"/>
    <property name="os.name" value="Windows 7"/>
    <property name="user.country" value="CN"/>
    <property name="sun.java.launcher" value="SUN_STANDARD"/>
    <property name="sun.boot.library.path" value="C:\Java\jdk1.8.0_25\jre\bin"/>
    <property name="sun.java.command" value="C:\Users\Administrator\AppData\Local\Temp\surefire7657686354386730143\surefirebooter8004309075241400580.jar C:\Users\Administrator\AppData\Local\Temp\surefire7657686354386730143 2018-11-14T16-59-44_594-jvmRun1 surefire2721053788781257287tmp surefire_01715546207310698180tmp"/>
    <property name="surefire.test.class.path" value="E:\常用文件映射\缓存\task3\target\test-classes;E:\常用文件映射\缓存\task3\target\classes;E:\maven\repository\com\github\pagehelper\pagehelper\5.1.7\pagehelper-5.1.7.jar;E:\maven\repository\com\github\jsqlparser\jsqlparser\1.2\jsqlparser-1.2.jar;E:\maven\repository\javax\servlet\jstl\1.2\jstl-1.2.jar;E:\maven\repository\taglibs\standard\1.1.2\standard-1.1.2.jar;E:\maven\repository\com\google\guava\guava\19.0\guava-19.0.jar;E:\maven\repository\commons-logging\commons-logging\1.1.1\commons-logging-1.1.1.jar;E:\maven\repository\org\springframework\spring-aop\4.1.6.RELEASE\spring-aop-4.1.6.RELEASE.jar;E:\maven\repository\aopalliance\aopalliance\1.0\aopalliance-1.0.jar;E:\maven\repository\org\springframework\spring-aspects\4.1.6.RELEASE\spring-aspects-4.1.6.RELEASE.jar;E:\maven\repository\org\aspectj\aspectjweaver\1.8.5\aspectjweaver-1.8.5.jar;E:\maven\repository\org\springframework\spring-beans\4.1.6.RELEASE\spring-beans-4.1.6.RELEASE.jar;E:\maven\repository\org\springframework\spring-context\4.1.6.RELEASE\spring-context-4.1.6.RELEASE.jar;E:\maven\repository\org\springframework\spring-context-support\4.1.6.RELEASE\spring-context-support-4.1.6.RELEASE.jar;E:\maven\repository\org\springframework\spring-core\4.1.6.RELEASE\spring-core-4.1.6.RELEASE.jar;E:\maven\repository\org\springframework\spring-expression\4.1.6.RELEASE\spring-expression-4.1.6.RELEASE.jar;E:\maven\repository\org\springframework\spring-instrument\4.1.6.RELEASE\spring-instrument-4.1.6.RELEASE.jar;E:\maven\repository\org\springframework\spring-jms\4.1.6.RELEASE\spring-jms-4.1.6.RELEASE.jar;E:\maven\repository\org\springframework\spring-messaging\4.1.6.RELEASE\spring-messaging-4.1.6.RELEASE.jar;E:\maven\repository\org\springframework\spring-orm\4.1.6.RELEASE\spring-orm-4.1.6.RELEASE.jar;E:\maven\repository\org\springframework\spring-oxm\4.1.6.RELEASE\spring-oxm-4.1.6.RELEASE.jar;E:\maven\repository\org\springframework\spring-test\4.1.6.RELEASE\spring-test-4.1.6.RELEASE.jar;E:\maven\repository\org\springframework\spring-tx\4.1.6.RELEASE\spring-tx-4.1.6.RELEASE.jar;E:\maven\repository\org\springframework\spring-web\4.1.6.RELEASE\spring-web-4.1.6.RELEASE.jar;E:\maven\repository\org\springframework\spring-webmvc\4.1.6.RELEASE\spring-webmvc-4.1.6.RELEASE.jar;E:\maven\repository\org\springframework\spring-webmvc-portlet\4.1.6.RELEASE\spring-webmvc-portlet-4.1.6.RELEASE.jar;E:\maven\repository\org\springframework\spring-websocket\4.1.6.RELEASE\spring-websocket-4.1.6.RELEASE.jar;E:\maven\repository\mysql\mysql-connector-java\5.1.38\mysql-connector-java-5.1.38.jar;E:\maven\repository\org\springframework\spring-jdbc\4.3.18.RELEASE\spring-jdbc-4.3.18.RELEASE.jar;E:\maven\repository\org\jboss\spec\javax\transaction\jboss-transaction-api_1.1_spec\1.0.1.Final\jboss-transaction-api_1.1_spec-1.0.1.Final.jar;E:\maven\repository\org\mybatis\mybatis\3.4.0\mybatis-3.4.0.jar;E:\maven\repository\junit\junit\4.12\junit-4.12.jar;E:\maven\repository\org\hamcrest\hamcrest-core\1.3\hamcrest-core-1.3.jar;E:\maven\repository\org\mybatis\mybatis-spring\1.3.2\mybatis-spring-1.3.2.jar;E:\maven\repository\log4j\log4j\1.2.17\log4j-1.2.17.jar;E:\maven\repository\com\alibaba\druid\1.0.9\druid-1.0.9.jar;C:\Java\jdk1.8.0_25\jre\..\lib\jconsole.jar;C:\Java\jdk1.8.0_25\jre\..\lib\tools.jar;E:\maven\repository\com\google\code\gson\gson\2.2.4\gson-2.2.4.jar;E:\maven\repository\com\alibaba\fastjson\1.2.47\fastjson-1.2.47.jar;"/>
    <property name="sun.cpu.endian" value="little"/>
    <property name="user.home" value="C:\Users\Administrator"/>
    <property name="user.language" value="zh"/>
    <property name="java.specification.vendor" value="Oracle Corporation"/>
    <property name="java.home" value="C:\Java\jdk1.8.0_25\jre"/>
    <property name="basedir" value="E:\常用文件映射\缓存\task3"/>
    <property name="file.separator" value="\"/>
    <property name="line.separator" value="&#10;"/>
    <property name="java.vm.specification.vendor" value="Oracle Corporation"/>
    <property name="java.specification.name" value="Java Platform API Specification"/>
    <property name="java.awt.graphicsenv" value="sun.awt.Win32GraphicsEnvironment"/>
    <property name="surefire.real.class.path" value="C:\Users\Administrator\AppData\Local\Temp\surefire7657686354386730143\surefirebooter8004309075241400580.jar"/>
    <property name="sun.boot.class.path" value="C:\Java\jdk1.8.0_25\jre\lib\resources.jar;C:\Java\jdk1.8.0_25\jre\lib\rt.jar;C:\Java\jdk1.8.0_25\jre\lib\sunrsasign.jar;C:\Java\jdk1.8.0_25\jre\lib\jsse.jar;C:\Java\jdk1.8.0_25\jre\lib\jce.jar;C:\Java\jdk1.8.0_25\jre\lib\charsets.jar;C:\Java\jdk1.8.0_25\jre\lib\jfr.jar;C:\Java\jdk1.8.0_25\jre\classes"/>
    <property name="user.script" value=""/>
    <property name="sun.management.compiler" value="HotSpot 64-Bit Tiered Compilers"/>
    <property name="java.runtime.version" value="1.8.0_25-b18"/>
    <property name="user.name" value="Administrator"/>
    <property name="path.separator" value=";"/>
    <property name="os.version" value="6.1"/>
    <property name="java.endorsed.dirs" value="C:\Java\jdk1.8.0_25\jre\lib\endorsed"/>
    <property name="java.runtime.name" value="Java(TM) SE Runtime Environment"/>
    <property name="file.encoding" value="GBK"/>
    <property name="java.vm.name" value="Java HotSpot(TM) 64-Bit Server VM"/>
    <property name="localRepository" value="E:\maven\repository"/>
    <property name="java.vendor.url.bug" value="http://bugreport.sun.com/bugreport/"/>
    <property name="java.io.tmpdir" value="C:\Users\Administrator\AppData\Local\Temp\"/>
    <property name="idea.version" value="2017.3.5"/>
    <property name="java.version" value="1.8.0_25"/>
    <property name="user.dir" value="E:\常用文件映射\缓存\task3"/>
    <property name="os.arch" value="amd64"/>
    <property name="java.vm.specification.name" value="Java Virtual Machine Specification"/>
    <property name="java.awt.printerjob" value="sun.awt.windows.WPrinterJob"/>
    <property name="sun.os.patch.level" value="Service Pack 1"/>
    <property name="java.library.path" value="C:\Java\jdk1.8.0_25\jre\bin;C:\windows\Sun\Java\bin;C:\windows\system32;C:\windows;C:\ProgramData\Oracle\Java\javapath;C:\Program Files (x86)\Common Files\Oracle\Java\javapath;C:\Program Files\MySQL\MySQL Server 5.7\bin;C:\Java\jdk1.8.0_25\bin;C:\Java\jdk1.8.0_25\jre\bin;D:\tools\apache-maven-3.5.4\bin;C:\Program Files (x86)\ATI Technologies\ATI.ACE\Core-Static;C:\windows\system32;C:\windows;C:\windows\System32\Wbem;C:\Windows\SysWOW64;E:\Git\cmd;D:\tools\apache-tomcat-8.5.34\bin;D:\tools\apache-tomcat-8.5.34\lib;D:\Program Files\bandizip 6.14\;."/>
    <property name="java.vm.info" value="mixed mode"/>
    <property name="java.vendor" value="Oracle Corporation"/>
    <property name="java.vm.version" value="25.25-b02"/>
    <property name="java.ext.dirs" value="C:\Java\jdk1.8.0_25\jre\lib\ext;C:\windows\Sun\Java\lib\ext"/>
    <property name="sun.io.unicode.encoding" value="UnicodeLittle"/>
    <property name="maven.repo.local" value="E:\maven\repository"/>
    <property name="java.class.version" value="52.0"/>
  </properties>
  <testcase name="testDeleteVisitor" classname="test.GuesbookServiceTest" time="0.864"/>
  <testcase name="testSelectAuthor" classname="test.GuesbookServiceTest" time="0.147"/>
  <testcase name="testSelectVisitor" classname="test.GuesbookServiceTest" time="0.02"/>
  <testcase name="testUpdateAuthor" classname="test.GuesbookServiceTest" time="0.093"/>
  <testcase name="testDeleteAuthor" classname="test.GuesbookServiceTest" time="0.026"/>
  <testcase name="testUpdateVisitor" classname="test.GuesbookServiceTest" time="0.055"/>
  <testcase name="testInsertAuthor" classname="test.GuesbookServiceTest" time="0.025"/>
  <testcase name="testInsertVisitor" classname="test.GuesbookServiceTest" time="0.051"/>
</testsuite>