<!DOCTYPE tiles-definitions PUBLIC
        "-//Apache Software Foundation//DTD Tiles Configuration 3.0//EN"
        "http://tiles.apache.org/dtds/tiles-config_3_0.dtd">
<tiles-definitions>

    <!--模板-->
    <definition name="base.definition" template="/WEB-INF/jsp/template.jsp">
        <put-attribute name="title" value=""/>
        <put-attribute name="head" value="/WEB-INF/jsp/head.jsp"/>
        <put-attribute name="body" value=""/>
        <put-attribute name="foot" value="/WEB-INF/jsp/foot.jsp"/>
    </definition>

    <!--主页-->
    <definition name="home" extends="base.definition">
        <put-attribute name="title" value="首页"/>
        <put-attribute name="body" value="/WEB-INF/jsp/home.jsp"/>
    </definition>

    <!--职业页面-->
    <definition name="career" extends="base.definition">
        <put-attribute name="title" value="职业"/>
        <put-attribute name="body" value="/WEB-INF/jsp/career.jsp"/>
    </definition>
</tiles-definitions>
