<!DOCTYPE tiles-definitions PUBLIC
        "-//Apache Software Foundation//DTD Tiles Configuration 3.0//EN"
        "http://tiles.apache.org/dtds/tiles-config_3_0.dtd">
<tiles-definitions>

    <!--基础模板-->
    <definition name="base.definition" template="/WEB-INF/jsp/template.jsp">
        <put-attribute name="title" value=""/>
        <put-attribute name="head" value="/WEB-INF/jsp/head.jsp"/>
        <put-attribute name="body" value=""/>
        <put-attribute name="foot" value="/WEB-INF/jsp/foot.jsp"/>
    </definition>

    <!--首页-->
    <definition name="home" extends="base.definition">
        <put-attribute name="title" value="首页"/>
        <put-attribute name="body" value="/WEB-INF/jsp/home.jsp"/>
    </definition>

    <!--首页-->
    <definition name="home1" extends="base.definition">
        <put-attribute name="title" value="首页"/>
        <put-attribute name="body" value="/WEB-INF/jsp/home.jsp"/>
    </definition>

    <!--职业展示页-->
    <definition name="career" extends="base.definition">
        <put-attribute name="title" value="职业"/>
        <put-attribute name="body" value="/WEB-INF/jsp/career.jsp"/>
    </definition>

    <!--登录界面-->
    <definition name="login" extends="base.definition">
        <put-attribute name="title" value="登录界面"/>
        <put-attribute name="body" value="/login/login.jsp"/>
    </definition>

    <!--重新登陆页面-->
    <definition name="reLogin" extends="base.definition">
        <put-attribute name="title" value="重新登录界面"/>
        <put-attribute name="body" value="/register/register.jsp"/>
    </definition>

</tiles-definitions>
