<?xml version="1.0" encoding="UTF-8" ?>
<testsuite tests="7" failures="0" name="com.task1.MyBatis.RunTaskTest" time="2.972" errors="0" skipped="0">
  <properties>
    <property name="idea.version" value="2017.3.4"/>
    <property name="java.runtime.name" value="Java(TM) SE Runtime Environment"/>
    <property name="java.vm.version" value="9.0.4+11"/>
    <property name="sun.boot.library.path" value="C:\Program Files\Java\jdk-9.0.4\bin"/>
    <property name="java.vm.vendor" value="Oracle Corporation"/>
    <property name="java.vendor.url" value="http://java.oracle.com/"/>
    <property name="path.separator" value=";"/>
    <property name="java.vm.name" value="Java HotSpot(TM) 64-Bit Server VM"/>
    <property name="file.encoding.pkg" value="sun.io"/>
    <property name="sun.os.patch.level" value=""/>
    <property name="user.script" value=""/>
    <property name="user.country" value="CN"/>
    <property name="sun.java.launcher" value="SUN_STANDARD"/>
    <property name="java.vm.specification.name" value="Java Virtual Machine Specification"/>
    <property name="user.dir" value="C:\Users\li438\IdeaProjects\TaskOne"/>
    <property name="java.vm.compressedOopsMode" value="32-bit"/>
    <property name="java.runtime.version" value="9.0.4+11"/>
    <property name="java.awt.graphicsenv" value="sun.awt.Win32GraphicsEnvironment"/>
    <property name="basedir" value="C:\Users\li438\IdeaProjects\TaskOne"/>
    <property name="os.arch" value="amd64"/>
    <property name="surefire.real.class.path" value="C:\Users\li438\IdeaProjects\TaskOne\target\surefire\surefirebooter14108266834348868534.jar"/>
    <property name="java.io.tmpdir" value="C:\Users\li438\AppData\Local\Temp\"/>
    <property name="line.separator" value="
"/>
    <property name="java.vm.specification.vendor" value="Oracle Corporation"/>
    <property name="user.variant" value=""/>
    <property name="os.name" value="Windows 10"/>
    <property name="sun.jnu.encoding" value="GBK"/>
    <property name="java.library.path" value="C:\Program Files\Java\jdk-9.0.4\bin;C:\WINDOWS\Sun\Java\bin;C:\WINDOWS\system32;C:\WINDOWS;C:\ProgramData\Oracle\Java\javapath;C:\WINDOWS\system32;C:\WINDOWS;C:\WINDOWS\System32\Wbem;C:\WINDOWS\System32\WindowsPowerShell\v1.0\;C:\WINDOWS\System32\OpenSSH\;C:\Program Files\Java\jdk-9.0.4\bin;C:\Program Files\Java\jdk-9.0.4\jre\bin;J:\mysql-5.7.22\bin;C:\Program Files\TortoiseSVN\bin;C:\Program Files\Java\apache-maven-3.5.4\bin;C:\Users\li438\AppData\Local\Microsoft\WindowsApps;C:\Users\li438\AppData\Local\GitHubDesktop\bin;."/>
    <property name="surefire.test.class.path" value="C:\Users\li438\IdeaProjects\TaskOne\target\test-classes;C:\Users\li438\IdeaProjects\TaskOne\target\classes;D:\Maven\repo\mysql\mysql-connector-java\5.1.44\mysql-connector-java-5.1.44.jar;D:\Maven\repo\org\springframework\spring-jdbc\5.0.7.RELEASE\spring-jdbc-5.0.7.RELEASE.jar;D:\Maven\repo\org\springframework\spring-beans\5.0.7.RELEASE\spring-beans-5.0.7.RELEASE.jar;D:\Maven\repo\org\springframework\spring-tx\5.0.7.RELEASE\spring-tx-5.0.7.RELEASE.jar;D:\Maven\repo\org\mybatis\mybatis-spring\1.3.2\mybatis-spring-1.3.2.jar;D:\Maven\repo\org\springframework\spring-context\5.0.7.RELEASE\spring-context-5.0.7.RELEASE.jar;D:\Maven\repo\org\springframework\spring-aop\5.0.7.RELEASE\spring-aop-5.0.7.RELEASE.jar;D:\Maven\repo\org\springframework\spring-expression\5.0.7.RELEASE\spring-expression-5.0.7.RELEASE.jar;D:\Maven\repo\org\springframework\spring-core\5.0.7.RELEASE\spring-core-5.0.7.RELEASE.jar;D:\Maven\repo\org\springframework\spring-jcl\5.0.7.RELEASE\spring-jcl-5.0.7.RELEASE.jar;D:\Maven\repo\log4j\log4j\1.2.17\log4j-1.2.17.jar;D:\Maven\repo\junit\junit\4.12\junit-4.12.jar;D:\Maven\repo\org\hamcrest\hamcrest-core\1.3\hamcrest-core-1.3.jar;D:\Maven\repo\org\mybatis\mybatis\3.4.6\mybatis-3.4.6.jar;"/>
    <property name="jdk.debug" value="release"/>
    <property name="java.class.version" value="53.0"/>
    <property name="java.specification.name" value="Java Platform API Specification"/>
    <property name="sun.management.compiler" value="HotSpot 64-Bit Tiered Compilers"/>
    <property name="os.version" value="10.0"/>
    <property name="user.home" value="C:\Users\li438"/>
    <property name="user.timezone" value="Asia/Shanghai"/>
    <property name="java.awt.printerjob" value="sun.awt.windows.WPrinterJob"/>
    <property name="file.encoding" value="UTF-8"/>
    <property name="java.specification.version" value="9"/>
    <property name="user.name" value="ljl"/>
    <property name="java.class.path" value="C:\Users\li438\IdeaProjects\TaskOne\target\test-classes;C:\Users\li438\IdeaProjects\TaskOne\target\classes;D:\Maven\repo\mysql\mysql-connector-java\5.1.44\mysql-connector-java-5.1.44.jar;D:\Maven\repo\org\springframework\spring-jdbc\5.0.7.RELEASE\spring-jdbc-5.0.7.RELEASE.jar;D:\Maven\repo\org\springframework\spring-beans\5.0.7.RELEASE\spring-beans-5.0.7.RELEASE.jar;D:\Maven\repo\org\springframework\spring-tx\5.0.7.RELEASE\spring-tx-5.0.7.RELEASE.jar;D:\Maven\repo\org\mybatis\mybatis-spring\1.3.2\mybatis-spring-1.3.2.jar;D:\Maven\repo\org\springframework\spring-context\5.0.7.RELEASE\spring-context-5.0.7.RELEASE.jar;D:\Maven\repo\org\springframework\spring-aop\5.0.7.RELEASE\spring-aop-5.0.7.RELEASE.jar;D:\Maven\repo\org\springframework\spring-expression\5.0.7.RELEASE\spring-expression-5.0.7.RELEASE.jar;D:\Maven\repo\org\springframework\spring-core\5.0.7.RELEASE\spring-core-5.0.7.RELEASE.jar;D:\Maven\repo\org\springframework\spring-jcl\5.0.7.RELEASE\spring-jcl-5.0.7.RELEASE.jar;D:\Maven\repo\log4j\log4j\1.2.17\log4j-1.2.17.jar;D:\Maven\repo\junit\junit\4.12\junit-4.12.jar;D:\Maven\repo\org\hamcrest\hamcrest-core\1.3\hamcrest-core-1.3.jar;D:\Maven\repo\org\mybatis\mybatis\3.4.6\mybatis-3.4.6.jar;"/>
    <property name="java.vm.specification.version" value="9"/>
    <property name="sun.arch.data.model" value="64"/>
    <property name="sun.java.command" value="C:\Users\li438\IdeaProjects\TaskOne\target\surefire\surefirebooter14108266834348868534.jar C:\Users\li438\IdeaProjects\TaskOne\target\surefire\surefire13456812805062040095tmp C:\Users\li438\IdeaProjects\TaskOne\target\surefire\surefire18020664458673920975tmp"/>
    <property name="java.home" value="C:\Program Files\Java\jdk-9.0.4"/>
    <property name="user.language" value="zh"/>
    <property name="java.specification.vendor" value="Oracle Corporation"/>
    <property name="awt.toolkit" value="sun.awt.windows.WToolkit"/>
    <property name="java.vm.info" value="mixed mode"/>
    <property name="java.version" value="9.0.4"/>
    <property name="java.vendor" value="Oracle Corporation"/>
    <property name="localRepository" value="D:\Maven\repo"/>
    <property name="file.separator" value="\"/>
    <property name="java.vendor.url.bug" value="http://bugreport.java.com/bugreport/"/>
    <property name="sun.io.unicode.encoding" value="UnicodeLittle"/>
    <property name="sun.cpu.endian" value="little"/>
    <property name="sun.desktop" value="windows"/>
    <property name="sun.cpu.isalist" value="amd64"/>
  </properties>
  <testcase classname="com.task1.MyBatis.RunTaskTest" name="lookupId" time="0.493"/>
  <testcase classname="com.task1.MyBatis.RunTaskTest" name="selectAll" time="0.062"/>
  <testcase classname="com.task1.MyBatis.RunTaskTest" name="delete" time="0.012"/>
  <testcase classname="com.task1.MyBatis.RunTaskTest" name="insert" time="0.526"/>
  <testcase classname="com.task1.MyBatis.RunTaskTest" name="update" time="0.017"/>
  <testcase classname="com.task1.MyBatis.RunTaskTest" name="lookupNum" time="0.011"/>
  <testcase classname="com.task1.MyBatis.RunTaskTest" name="lookupName" time="0.015"/>
</testsuite>